<?xml version="1.0" encoding="UTF-8"?>
<!-- Generated by org.testng.reporters.JUnitXMLReporter -->
<testsuite ignored="0" hostname="DESKTOP-8CNA17E" failures="0" tests="3" name="StandaloneTest_1" time="18.959" errors="0" timestamp="02 Jan 2023 15:57:42 GMT">
  <testcase classname="testPackage.Tests.StandaloneTest_1" name="testMethod" time="6.068"/>
  <testcase classname="testPackage.Tests.StandaloneTest_1" name="testMethod3" time="0.002"/>
  <testcase classname="testPackage.Tests.StandaloneTest_1" name="testMethod2" time="0.002"/>
</testsuite> <!-- StandaloneTest_1 -->
